00_10001_1 //0 //entry points for all opcodes, flags combinations
00_10011_1 //1
00_10000_1
00_10000_1
00_10001_1 //0:zero
00_10011_1 //1:zero
00_10000_1
00_10000_1
00_10001_1 //0:carry
00_10011_1 //1:carry
00_10000_1
00_10000_1
00_10001_1 //0:zero&carry
00_10011_1 //1:zero&carry
00_10000_1
00_10000_1
10_zzzzz_0 //initial address
01_10010_1 //0:0
00_10000_1 //0:1 return to fetch
01_10100_1 //1:0
00_10000_1 //1:1 return to fetch
00_00000_1
00_00000_1
00_00000_1
00_00000_1
00_00000_1
00_00000_1
00_00000_1
00_00000_1
00_00000_1
00_00000_1
00_00000_1
